Using pre-set license
Built from '2020.3/staging' branch; Version is '2020.3.8f1 (507919d4fff5) revision 5273881'; Using compiler version '192528614'; Build Type 'Release'
OS: 'Windows 10 Home; OS build 22621.3007; Version 2009; 64bit' Language: 'en' Physical Memory: 16322 MB
BatchMode: 1, IsHumanControllingUs: 0, StartBugReporterOnCrash: 0, Is64bit: 1, IsPro: 0

 COMMAND LINE ARGUMENTS:
C:\Program Files\Unity\Hub\Editor\2020.3.8f1\Editor\Unity.exe
-adb2
-batchMode
-noUpm
-name
AssetImportWorker0
-projectPath
C:/Users/aiden/OneDrive/Desktop/My project (4)
-logFile
Logs/AssetImportWorker0.log
-srvPort
63835
Successfully changed project path to: C:/Users/aiden/OneDrive/Desktop/My project (4)
C:/Users/aiden/OneDrive/Desktop/My project (4)
Using Asset Import Pipeline V2.
Refreshing native plugins compatible for Editor in 33.85 ms, found 1 plugins.
Preloading 0 native plugins for Editor in 0.00 ms.
Initialize engine version: 2020.3.8f1 (507919d4fff5)
[Subsystems] Discovering subsystems at path C:/Program Files/Unity/Hub/Editor/2020.3.8f1/Editor/Data/Resources/UnitySubsystems
[Subsystems] Discovering subsystems at path C:/Users/aiden/OneDrive/Desktop/My project (4)/Assets
GfxDevice: creating device client; threaded=0
Direct3D:
    Version:  Direct3D 11.0 [level 11.1]
    Renderer: NVIDIA GeForce GTX 1660 Ti (ID=0x2182)
    Vendor:   
    VRAM:     5979 MB
    Driver:   31.0.15.4617
Initialize mono
Mono path[0] = 'C:/Program Files/Unity/Hub/Editor/2020.3.8f1/Editor/Data/Managed'
Mono path[1] = 'C:/Program Files/Unity/Hub/Editor/2020.3.8f1/Editor/Data/MonoBleedingEdge/lib/mono/unityjit'
Mono config path = 'C:/Program Files/Unity/Hub/Editor/2020.3.8f1/Editor/Data/MonoBleedingEdge/etc'
Using monoOptions --debugger-agent=transport=dt_socket,embedding=1,server=y,suspend=n,address=127.0.0.1:56736
Begin MonoManager ReloadAssembly
Registering precompiled unity dll's ...
Register platform support module: C:/Program Files/Unity/Hub/Editor/2020.3.8f1/Editor/Data/PlaybackEngines/WindowsStandaloneSupport/UnityEditor.WindowsStandalone.Extensions.dll
Registered in 0.001645 seconds.
Native extension for WindowsStandalone target not found
Refreshing native plugins compatible for Editor in 35.21 ms, found 1 plugins.
Preloading 0 native plugins for Editor in 0.00 ms.
Mono: successfully reloaded assembly
- Completed reload, in  1.082 seconds
Platform modules already initialized, skipping
Registering precompiled user dll's ...
Registered in 0.000908 seconds.
Begin MonoManager ReloadAssembly
Native extension for WindowsStandalone target not found
Refreshing native plugins compatible for Editor in 34.58 ms, found 1 plugins.
Preloading 0 native plugins for Editor in 0.00 ms.
Mono: successfully reloaded assembly
- Completed reload, in  0.858 seconds
Platform modules already initialized, skipping
========================================================================
Worker process is ready to serve import requests
Launched and connected shader compiler UnityShaderCompiler.exe after 0.04 seconds
Refreshing native plugins compatible for Editor in 0.33 ms, found 1 plugins.
Preloading 0 native plugins for Editor in 0.00 ms.
Unloading 1808 Unused Serialized files (Serialized files now loaded: 0)
System memory in use before: 84.7 MB.
System memory in use after: 84.8 MB.

Unloading 19 unused Assets to reduce memory usage. Loaded Objects now: 2255.
Total: 2.199700 ms (FindLiveObjects: 0.186100 ms CreateObjectMapping: 0.079600 ms MarkObjects: 1.867200 ms  DeleteObjects: 0.064600 ms)

========================================================================
Received Import Request.
  path: Assets/Scenes
  artifactKey: Guid(74ce26b62bcc4fc459c7942a6ecd7c7a) Importer(815301076,1909f56bfc062723c751e8b465ee728b)
Start importing Assets/Scenes using Guid(74ce26b62bcc4fc459c7942a6ecd7c7a) Importer(815301076,1909f56bfc062723c751e8b465ee728b)  -> (artifact id: 'e455d43e0b13f67c4b18014b6fc0089d') in 0.011235 seconds
  Import took 0.014082 seconds .

========================================================================
Received Prepare
Registering precompiled user dll's ...
Registered in 0.000868 seconds.
Begin MonoManager ReloadAssembly
Native extension for WindowsStandalone target not found
Refreshing native plugins compatible for Editor in 0.33 ms, found 1 plugins.
Preloading 0 native plugins for Editor in 0.00 ms.
Mono: successfully reloaded assembly
- Completed reload, in  0.763 seconds
Platform modules already initialized, skipping
Refreshing native plugins compatible for Editor in 0.34 ms, found 1 plugins.
Preloading 0 native plugins for Editor in 0.00 ms.
Unloading 1798 Unused Serialized files (Serialized files now loaded: 0)
System memory in use before: 84.2 MB.
System memory in use after: 84.3 MB.

Unloading 7 unused Assets to reduce memory usage. Loaded Objects now: 2259.
Total: 1.715000 ms (FindLiveObjects: 0.172800 ms CreateObjectMapping: 0.067300 ms MarkObjects: 1.458200 ms  DeleteObjects: 0.015700 ms)

========================================================================
Received Prepare
Registering precompiled user dll's ...
Registered in 0.001657 seconds.
Begin MonoManager ReloadAssembly
Native extension for WindowsStandalone target not found
Refreshing native plugins compatible for Editor in 0.33 ms, found 1 plugins.
Preloading 0 native plugins for Editor in 0.00 ms.
Mono: successfully reloaded assembly
- Completed reload, in  0.762 seconds
Platform modules already initialized, skipping
Refreshing native plugins compatible for Editor in 0.34 ms, found 1 plugins.
Preloading 0 native plugins for Editor in 0.00 ms.
Unloading 1798 Unused Serialized files (Serialized files now loaded: 0)
System memory in use before: 84.2 MB.
System memory in use after: 84.3 MB.

Unloading 7 unused Assets to reduce memory usage. Loaded Objects now: 2263.
Total: 1.812600 ms (FindLiveObjects: 0.181200 ms CreateObjectMapping: 0.093100 ms MarkObjects: 1.517900 ms  DeleteObjects: 0.019300 ms)

========================================================================
Received Import Request.
  Time since last request: 416.513037 seconds.
  path: Assets
  artifactKey: Guid(00000000000000001000000000000000) Importer(815301076,1909f56bfc062723c751e8b465ee728b)
Start importing Assets using Guid(00000000000000001000000000000000) Importer(815301076,1909f56bfc062723c751e8b465ee728b)  -> (artifact id: '42d402b061de3733987d63b9cc3b64de') in 0.012863 seconds
  Import took 0.017992 seconds .

========================================================================
Received Import Request.
  Time since last request: 9.131191 seconds.
  path: Assets/Scenes/SampleScene.unity
  artifactKey: Guid(2cda990e2423bbf4892e6590ba056729) Importer(815301076,1909f56bfc062723c751e8b465ee728b)
Start importing Assets/Scenes/SampleScene.unity using Guid(2cda990e2423bbf4892e6590ba056729) Importer(815301076,1909f56bfc062723c751e8b465ee728b)  -> (artifact id: 'aa27944bdea339c97c39027c7eea529c') in 0.015555 seconds
  Import took 0.019492 seconds .

========================================================================
Received Import Request.
  Time since last request: 24.729512 seconds.
  path: Assets/obsticle.png
  artifactKey: Guid(4911258a8697d6344be6e81452fdf4e1) Importer(815301076,1909f56bfc062723c751e8b465ee728b)
Start importing Assets/obsticle.png using Guid(4911258a8697d6344be6e81452fdf4e1) Importer(815301076,1909f56bfc062723c751e8b465ee728b)  -> (artifact id: '211f5d20e33e96b28137eea2139bb3b3') in 0.124528 seconds
  Import took 0.128300 seconds .

========================================================================
Received Import Request.
  Time since last request: 209.167928 seconds.
  path: Assets/Scenes/SampleScene.unity
  artifactKey: Guid(2cda990e2423bbf4892e6590ba056729) Importer(815301076,1909f56bfc062723c751e8b465ee728b)
Start importing Assets/Scenes/SampleScene.unity using Guid(2cda990e2423bbf4892e6590ba056729) Importer(815301076,1909f56bfc062723c751e8b465ee728b)  -> (artifact id: '28780306265ef0381377a2b45797381c') in 0.002654 seconds
  Import took 0.006842 seconds .

========================================================================
Received Import Request.
  Time since last request: 48.223095 seconds.
  path: Assets/Scenes/scene 1.unity
  artifactKey: Guid(2cda990e2423bbf4892e6590ba056729) Importer(815301076,1909f56bfc062723c751e8b465ee728b)
Start importing Assets/Scenes/scene 1.unity using Guid(2cda990e2423bbf4892e6590ba056729) Importer(815301076,1909f56bfc062723c751e8b465ee728b)  -> (artifact id: 'a06dae842394bed61ee12272fe9255d1') in 0.008170 seconds
  Import took 0.012140 seconds .

========================================================================
Received Import Request.
  Time since last request: 38.843283 seconds.
  path: Assets/Scenes/New Scene.unity
  artifactKey: Guid(ec2fdefbd6616774f8f346c7fdd9e2bc) Importer(815301076,1909f56bfc062723c751e8b465ee728b)
Start importing Assets/Scenes/New Scene.unity using Guid(ec2fdefbd6616774f8f346c7fdd9e2bc) Importer(815301076,1909f56bfc062723c751e8b465ee728b)  -> (artifact id: '1e5e03ce1d04cd50b6adb03dd57d33e8') in 0.010511 seconds
  Import took 0.014358 seconds .

========================================================================
Received Import Request.
  Time since last request: 12.385757 seconds.
  path: Assets/Scenes/die.cs
  artifactKey: Guid(3d2ea6ae9afcf8a468717b4d7cde7487) Importer(815301076,1909f56bfc062723c751e8b465ee728b)
Start importing Assets/Scenes/die.cs using Guid(3d2ea6ae9afcf8a468717b4d7cde7487) Importer(815301076,1909f56bfc062723c751e8b465ee728b)  -> (artifact id: 'd76df92c63b990c19471402f675028b6') in 0.015727 seconds
  Import took 0.018763 seconds .

========================================================================
Received Prepare
Registering precompiled user dll's ...
Registered in 0.000994 seconds.
Begin MonoManager ReloadAssembly
Native extension for WindowsStandalone target not found
Refreshing native plugins compatible for Editor in 0.34 ms, found 1 plugins.
Preloading 0 native plugins for Editor in 0.00 ms.
Mono: successfully reloaded assembly
- Completed reload, in  0.782 seconds
Platform modules already initialized, skipping
Refreshing native plugins compatible for Editor in 0.32 ms, found 1 plugins.
Preloading 0 native plugins for Editor in 0.00 ms.
Unloading 1799 Unused Serialized files (Serialized files now loaded: 0)
System memory in use before: 87.4 MB.
System memory in use after: 87.5 MB.

Unloading 7 unused Assets to reduce memory usage. Loaded Objects now: 2274.
Total: 1.724300 ms (FindLiveObjects: 0.173100 ms CreateObjectMapping: 0.064700 ms MarkObjects: 1.469300 ms  DeleteObjects: 0.016100 ms)

========================================================================
Received Import Request.
  Time since last request: 61.361299 seconds.
  path: Assets/Scenes/die.cs
  artifactKey: Guid(3d2ea6ae9afcf8a468717b4d7cde7487) Importer(815301076,1909f56bfc062723c751e8b465ee728b)
Start importing Assets/Scenes/die.cs using Guid(3d2ea6ae9afcf8a468717b4d7cde7487) Importer(815301076,1909f56bfc062723c751e8b465ee728b)  -> (artifact id: 'b0fa413c0ecc1dd26bebea3ef623b42f') in 0.008851 seconds
  Import took 0.011983 seconds .

========================================================================
Received Import Request.
  Time since last request: 8.935077 seconds.
  path: Assets/Scenes/level1 1.unity
  artifactKey: Guid(2cda990e2423bbf4892e6590ba056729) Importer(815301076,1909f56bfc062723c751e8b465ee728b)
Start importing Assets/Scenes/level1 1.unity using Guid(2cda990e2423bbf4892e6590ba056729) Importer(815301076,1909f56bfc062723c751e8b465ee728b)  -> (artifact id: 'a30fb9cff90d3d2ffbad548abb94c6ce') in 0.014984 seconds
  Import took 0.018429 seconds .

========================================================================
Received Prepare
Registering precompiled user dll's ...
Registered in 0.000899 seconds.
Begin MonoManager ReloadAssembly
Native extension for WindowsStandalone target not found
Refreshing native plugins compatible for Editor in 0.34 ms, found 1 plugins.
Preloading 0 native plugins for Editor in 0.00 ms.
Mono: successfully reloaded assembly
- Completed reload, in  0.763 seconds
Platform modules already initialized, skipping
Refreshing native plugins compatible for Editor in 0.33 ms, found 1 plugins.
Preloading 0 native plugins for Editor in 0.00 ms.
Unloading 1799 Unused Serialized files (Serialized files now loaded: 0)
System memory in use before: 87.4 MB.
System memory in use after: 87.5 MB.

Unloading 7 unused Assets to reduce memory usage. Loaded Objects now: 2278.
Total: 1.888100 ms (FindLiveObjects: 0.178600 ms CreateObjectMapping: 0.064100 ms MarkObjects: 1.627700 ms  DeleteObjects: 0.016700 ms)

========================================================================
Received Prepare
Registering precompiled user dll's ...
Registered in 0.000952 seconds.
Begin MonoManager ReloadAssembly
Native extension for WindowsStandalone target not found
Refreshing native plugins compatible for Editor in 0.37 ms, found 1 plugins.
Preloading 0 native plugins for Editor in 0.00 ms.
Mono: successfully reloaded assembly
- Completed reload, in  0.793 seconds
Platform modules already initialized, skipping
Refreshing native plugins compatible for Editor in 0.36 ms, found 1 plugins.
Preloading 0 native plugins for Editor in 0.00 ms.
Unloading 1799 Unused Serialized files (Serialized files now loaded: 0)
System memory in use before: 87.4 MB.
System memory in use after: 87.5 MB.

Unloading 7 unused Assets to reduce memory usage. Loaded Objects now: 2282.
Total: 1.720800 ms (FindLiveObjects: 0.162700 ms CreateObjectMapping: 0.076000 ms MarkObjects: 1.464700 ms  DeleteObjects: 0.016200 ms)

========================================================================
Received Import Request.
  Time since last request: 61.439700 seconds.
  path: Assets/Scenes/level1 1.unity
  artifactKey: Guid(2cda990e2423bbf4892e6590ba056729) Importer(815301076,1909f56bfc062723c751e8b465ee728b)
Start importing Assets/Scenes/level1 1.unity using Guid(2cda990e2423bbf4892e6590ba056729) Importer(815301076,1909f56bfc062723c751e8b465ee728b)  -> (artifact id: 'ea4f7d4191d0e4d338a0e26bcb3a6d5a') in 0.010161 seconds
  Import took 0.015680 seconds .

========================================================================
Received Prepare
Registering precompiled user dll's ...
Registered in 0.000978 seconds.
Begin MonoManager ReloadAssembly
Native extension for WindowsStandalone target not found
Refreshing native plugins compatible for Editor in 0.33 ms, found 1 plugins.
Preloading 0 native plugins for Editor in 0.00 ms.
Mono: successfully reloaded assembly
- Completed reload, in  0.825 seconds
Platform modules already initialized, skipping
Refreshing native plugins compatible for Editor in 0.34 ms, found 1 plugins.
Preloading 0 native plugins for Editor in 0.00 ms.
Unloading 1799 Unused Serialized files (Serialized files now loaded: 0)
System memory in use before: 87.4 MB.
System memory in use after: 87.5 MB.

Unloading 7 unused Assets to reduce memory usage. Loaded Objects now: 2286.
Total: 1.921900 ms (FindLiveObjects: 0.170600 ms CreateObjectMapping: 0.066300 ms MarkObjects: 1.663700 ms  DeleteObjects: 0.020200 ms)

========================================================================
Received Import Request.
  Time since last request: 199.463444 seconds.
  path: Assets/Scenes/level1 1.unity
  artifactKey: Guid(2cda990e2423bbf4892e6590ba056729) Importer(815301076,1909f56bfc062723c751e8b465ee728b)
Start importing Assets/Scenes/level1 1.unity using Guid(2cda990e2423bbf4892e6590ba056729) Importer(815301076,1909f56bfc062723c751e8b465ee728b)  -> (artifact id: 'f047765870b959d6f6b102c88c53edd8') in 0.012272 seconds
  Import took 0.015599 seconds .

========================================================================
Received Import Request.
  Time since last request: 15.143279 seconds.
  path: Assets/Scenes/Levle 1.unity
  artifactKey: Guid(2cda990e2423bbf4892e6590ba056729) Importer(815301076,1909f56bfc062723c751e8b465ee728b)
Start importing Assets/Scenes/Levle 1.unity using Guid(2cda990e2423bbf4892e6590ba056729) Importer(815301076,1909f56bfc062723c751e8b465ee728b)  -> (artifact id: '7e0751abfdd6f669eb95e2b2320ed507') in 0.010469 seconds
  Import took 0.014844 seconds .

========================================================================
Received Prepare
Registering precompiled user dll's ...
Registered in 0.000985 seconds.
Begin MonoManager ReloadAssembly
Native extension for WindowsStandalone target not found
Refreshing native plugins compatible for Editor in 0.35 ms, found 1 plugins.
Preloading 0 native plugins for Editor in 0.00 ms.
Mono: successfully reloaded assembly
- Completed reload, in  0.810 seconds
Platform modules already initialized, skipping
Refreshing native plugins compatible for Editor in 0.34 ms, found 1 plugins.
Preloading 0 native plugins for Editor in 0.00 ms.
Unloading 1799 Unused Serialized files (Serialized files now loaded: 0)
System memory in use before: 87.4 MB.
System memory in use after: 87.6 MB.

Unloading 7 unused Assets to reduce memory usage. Loaded Objects now: 2290.
Total: 1.909000 ms (FindLiveObjects: 0.194500 ms CreateObjectMapping: 0.071100 ms MarkObjects: 1.619300 ms  DeleteObjects: 0.022700 ms)

========================================================================
Received Prepare
Registering precompiled user dll's ...
Registered in 0.001736 seconds.
Begin MonoManager ReloadAssembly
Native extension for WindowsStandalone target not found
Refreshing native plugins compatible for Editor in 0.34 ms, found 1 plugins.
Preloading 0 native plugins for Editor in 0.00 ms.
Mono: successfully reloaded assembly
- Completed reload, in  0.820 seconds
Platform modules already initialized, skipping
Refreshing native plugins compatible for Editor in 0.37 ms, found 1 plugins.
Preloading 0 native plugins for Editor in 0.00 ms.
Unloading 1799 Unused Serialized files (Serialized files now loaded: 0)
System memory in use before: 87.5 MB.
System memory in use after: 87.6 MB.

Unloading 7 unused Assets to reduce memory usage. Loaded Objects now: 2294.
Total: 2.091600 ms (FindLiveObjects: 0.225300 ms CreateObjectMapping: 0.084800 ms MarkObjects: 1.758500 ms  DeleteObjects: 0.021800 ms)

========================================================================
Received Import Request.
  Time since last request: 1437.768358 seconds.
  path: Assets/Scenes/Levle 2.unity
  artifactKey: Guid(ec2fdefbd6616774f8f346c7fdd9e2bc) Importer(815301076,1909f56bfc062723c751e8b465ee728b)
Start importing Assets/Scenes/Levle 2.unity using Guid(ec2fdefbd6616774f8f346c7fdd9e2bc) Importer(815301076,1909f56bfc062723c751e8b465ee728b)  -> (artifact id: '33c42e00775c031909ea467da014079f') in 0.020126 seconds
  Import took 0.024657 seconds .

========================================================================
Received Import Request.
  Time since last request: 404.009875 seconds.
  path: Assets/Scenes/Levle 1.unity
  artifactKey: Guid(2cda990e2423bbf4892e6590ba056729) Importer(815301076,1909f56bfc062723c751e8b465ee728b)
Start importing Assets/Scenes/Levle 1.unity using Guid(2cda990e2423bbf4892e6590ba056729) Importer(815301076,1909f56bfc062723c751e8b465ee728b)  -> (artifact id: '0366bc547bed9717e04bc4fe652b6a0c') in 0.003367 seconds
  Import took 0.009540 seconds .

========================================================================
Received Import Request.
  Time since last request: 4.791337 seconds.
  path: Assets/Scenes/Levle 2.unity
  artifactKey: Guid(ec2fdefbd6616774f8f346c7fdd9e2bc) Importer(815301076,1909f56bfc062723c751e8b465ee728b)
Start importing Assets/Scenes/Levle 2.unity using Guid(ec2fdefbd6616774f8f346c7fdd9e2bc) Importer(815301076,1909f56bfc062723c751e8b465ee728b)  -> (artifact id: '314c5a39416d24b0bdddd865d9a1629f') in 0.002294 seconds
  Import took 0.006483 seconds .

========================================================================
Received Import Request.
  Time since last request: 65.113973 seconds.
  path: Assets/Scenes/Levle 2.unity
  artifactKey: Guid(ec2fdefbd6616774f8f346c7fdd9e2bc) Importer(815301076,1909f56bfc062723c751e8b465ee728b)
Start importing Assets/Scenes/Levle 2.unity using Guid(ec2fdefbd6616774f8f346c7fdd9e2bc) Importer(815301076,1909f56bfc062723c751e8b465ee728b)  -> (artifact id: 'adf450ae307791fd75b7fd1cbd0d9a9d') in 0.003342 seconds
  Import took 0.008415 seconds .

AssetImportWorkerClient::OnTransportError - code=2 error=End of file
